[2022-05-07 17:28:27] Storing files in experiments/Crnn/2022-05-07_17-28-05_0cc138becde811ecaee07c8ae1d2acad
[2022-05-07 17:28:27] data:
[2022-05-07 17:28:27]   class_indice_file: data256/metadata/class_label_indices.txt
[2022-05-07 17:28:27]   feature: data256/dev/feature.csv
[2022-05-07 17:28:27]   label: data256/dev/label.csv
[2022-05-07 17:28:27]   stratified: true
[2022-05-07 17:28:27] dataloader_args:
[2022-05-07 17:28:27]   batch_size: 64
[2022-05-07 17:28:27]   num_workers: 16
[2022-05-07 17:28:27] early_stop: 7
[2022-05-07 17:28:27] epochs: 50
[2022-05-07 17:28:27] loss: BceLoss
[2022-05-07 17:28:27] model:
[2022-05-07 17:28:27]   args: {}
[2022-05-07 17:28:27]   type: Crnn
[2022-05-07 17:28:27] num_workers: 8
[2022-05-07 17:28:27] optimizer:
[2022-05-07 17:28:27]   args:
[2022-05-07 17:28:27]     lr: 0.0005
[2022-05-07 17:28:27]   type: AdamW
[2022-05-07 17:28:27] outputpath: experiments/
[2022-05-07 17:28:27] scheduler_args:
[2022-05-07 17:28:27]   factor: 0.1
[2022-05-07 17:28:27]   patience: 3
[2022-05-07 17:28:27] 
[2022-05-07 17:28:27] Running on device cuda
[2022-05-07 17:28:32] AdamW (
[2022-05-07 17:28:32] Parameter Group 0
[2022-05-07 17:28:32]     amsgrad: False
[2022-05-07 17:28:32]     betas: (0.9, 0.999)
[2022-05-07 17:28:32]     eps: 1e-08
[2022-05-07 17:28:32]     lr: 0.0005
[2022-05-07 17:28:32]     maximize: False
[2022-05-07 17:28:32]     weight_decay: 0.01
[2022-05-07 17:28:32] )
[2022-05-07 17:28:32] Crnn(
[2022-05-07 17:28:32]   (conv): Sequential(
[2022-05-07 17:28:32]     (0): BatchNorm2d(1, eps=1e-05, momentum=0.1, affine=True, track_running_stats=True)
[2022-05-07 17:28:32]     (1): Conv2d(1, 16, kernel_size=(9, 9), stride=(1, 1), padding=(4, 4))
[2022-05-07 17:28:32]     (2): BatchNorm2d(16, eps=1e-05, momentum=0.1, affine=True, track_running_stats=True)
[2022-05-07 17:28:32]     (3): GELU()
[2022-05-07 17:28:32]     (4): MaxPool2d(kernel_size=(1, 2), stride=(1, 2), padding=0, dilation=1, ceil_mode=False)
[2022-05-07 17:28:32]     (5): Conv2d(16, 32, kernel_size=(9, 9), stride=(1, 1), padding=(4, 4))
[2022-05-07 17:28:32]     (6): BatchNorm2d(32, eps=1e-05, momentum=0.1, affine=True, track_running_stats=True)
[2022-05-07 17:28:32]     (7): GELU()
[2022-05-07 17:28:32]     (8): MaxPool2d(kernel_size=(1, 2), stride=(1, 2), padding=0, dilation=1, ceil_mode=False)
[2022-05-07 17:28:32]     (9): Conv2d(32, 64, kernel_size=(9, 9), stride=(1, 1), padding=(4, 4))
[2022-05-07 17:28:32]     (10): BatchNorm2d(64, eps=1e-05, momentum=0.1, affine=True, track_running_stats=True)
[2022-05-07 17:28:32]     (11): GELU()
[2022-05-07 17:28:32]     (12): MaxPool2d(kernel_size=(1, 2), stride=(1, 2), padding=0, dilation=1, ceil_mode=False)
[2022-05-07 17:28:32]     (13): Conv2d(64, 128, kernel_size=(9, 9), stride=(1, 1), padding=(4, 4))
[2022-05-07 17:28:32]     (14): BatchNorm2d(128, eps=1e-05, momentum=0.1, affine=True, track_running_stats=True)
[2022-05-07 17:28:32]     (15): GELU()
[2022-05-07 17:28:32]     (16): MaxPool2d(kernel_size=(1, 2), stride=(1, 2), padding=0, dilation=1, ceil_mode=False)
[2022-05-07 17:28:32]     (17): Conv2d(128, 256, kernel_size=(9, 9), stride=(1, 1), padding=(4, 4))
[2022-05-07 17:28:32]     (18): BatchNorm2d(256, eps=1e-05, momentum=0.1, affine=True, track_running_stats=True)
[2022-05-07 17:28:32]     (19): GELU()
[2022-05-07 17:28:32]     (20): MaxPool2d(kernel_size=(1, 2), stride=(1, 2), padding=0, dilation=1, ceil_mode=False)
[2022-05-07 17:28:32]   )
[2022-05-07 17:28:32]   (gru): GRU(2048, 512, batch_first=True, bidirectional=True)
[2022-05-07 17:28:32]   (classifier): Sequential(
[2022-05-07 17:28:32]     (0): Linear(in_features=1024, out_features=10, bias=True)
[2022-05-07 17:28:32]     (1): Sigmoid()
[2022-05-07 17:28:32]   )
[2022-05-07 17:28:32] )
[2022-05-07 17:28:53] Epoch 1   training_loss: 0.38  val_loss: 0.35  precision: 0.19  recall: 0.06  f1: 0.09
[2022-05-07 17:29:13] Epoch 2   training_loss: 0.33  val_loss: 0.32  precision: 0.40  recall: 0.11  f1: 0.15
[2022-05-07 17:29:33] Epoch 3   training_loss: 0.30  val_loss: 0.28  precision: 0.49  recall: 0.21  f1: 0.26
[2022-05-07 17:29:53] Epoch 4   training_loss: 0.27  val_loss: 0.27  precision: 0.57  recall: 0.29  f1: 0.37
[2022-05-07 17:30:13] Epoch 5   training_loss: 0.25  val_loss: 0.27  precision: 0.62  recall: 0.30  f1: 0.36
[2022-05-07 17:30:34] Epoch 6   training_loss: 0.22  val_loss: 0.37  precision: 0.44  recall: 0.33  f1: 0.37
[2022-05-07 17:30:54] Epoch 7   training_loss: 0.20  val_loss: 0.32  precision: 0.70  recall: 0.35  f1: 0.42
[2022-05-07 17:31:14] Epoch 8   training_loss: 0.19  val_loss: 0.28  precision: 0.56  recall: 0.40  f1: 0.45
[2022-05-07 17:31:34] Epoch 9   training_loss: 0.17  val_loss: 0.25  precision: 0.76  recall: 0.49  f1: 0.52
[2022-05-07 17:31:54] Epoch 10   training_loss: 0.16  val_loss: 0.22  precision: 0.79  recall: 0.52  f1: 0.58
[2022-05-07 17:32:14] Epoch 11   training_loss: 0.15  val_loss: 0.20  precision: 0.76  recall: 0.54  f1: 0.61
[2022-05-07 17:32:34] Epoch 12   training_loss: 0.13  val_loss: 0.21  precision: 0.77  recall: 0.52  f1: 0.57
[2022-05-07 17:32:54] Epoch 13   training_loss: 0.12  val_loss: 0.21  precision: 0.69  recall: 0.52  f1: 0.57
[2022-05-07 17:33:14] Epoch 14   training_loss: 0.11  val_loss: 0.23  precision: 0.71  recall: 0.60  f1: 0.62
[2022-05-07 17:33:34] Epoch 15   training_loss: 0.10  val_loss: 0.17  precision: 0.79  recall: 0.68  f1: 0.72
[2022-05-07 17:33:54] Epoch 16   training_loss: 0.10  val_loss: 0.24  precision: 0.71  recall: 0.58  f1: 0.60
[2022-05-07 17:34:14] Epoch 17   training_loss: 0.09  val_loss: 0.17  precision: 0.76  recall: 0.65  f1: 0.69
[2022-05-07 17:34:34] Epoch 18   training_loss: 0.08  val_loss: 0.19  precision: 0.77  recall: 0.65  f1: 0.68
[2022-05-07 17:34:54] Epoch 19   training_loss: 0.07  val_loss: 0.18  precision: 0.84  recall: 0.68  f1: 0.73
[2022-05-07 17:35:13] Epoch 20   training_loss: 0.05  val_loss: 0.15  precision: 0.81  recall: 0.69  f1: 0.73
[2022-05-07 17:35:33] Epoch 21   training_loss: 0.05  val_loss: 0.14  precision: 0.81  recall: 0.70  f1: 0.75
[2022-05-07 17:35:54] Epoch 22   training_loss: 0.05  val_loss: 0.15  precision: 0.81  recall: 0.70  f1: 0.74
[2022-05-07 17:36:13] Epoch 23   training_loss: 0.04  val_loss: 0.15  precision: 0.82  recall: 0.71  f1: 0.75
[2022-05-07 17:36:33] Epoch 24   training_loss: 0.04  val_loss: 0.15  precision: 0.81  recall: 0.68  f1: 0.73
[2022-05-07 17:36:53] Epoch 25   training_loss: 0.04  val_loss: 0.15  precision: 0.82  recall: 0.71  f1: 0.76
[2022-05-07 17:37:13] Epoch 26   training_loss: 0.04  val_loss: 0.14  precision: 0.83  recall: 0.72  f1: 0.77
[2022-05-07 17:37:33] Epoch 27   training_loss: 0.04  val_loss: 0.14  precision: 0.83  recall: 0.72  f1: 0.76
[2022-05-07 17:37:53] Epoch 28   training_loss: 0.04  val_loss: 0.14  precision: 0.83  recall: 0.72  f1: 0.77
[2022-05-07 17:38:13] Epoch 29   training_loss: 0.04  val_loss: 0.15  precision: 0.83  recall: 0.71  f1: 0.76
[2022-05-07 17:38:33] Epoch 30   training_loss: 0.04  val_loss: 0.14  precision: 0.82  recall: 0.71  f1: 0.76
[2022-05-07 17:38:53] Epoch 31   training_loss: 0.04  val_loss: 0.14  precision: 0.81  recall: 0.71  f1: 0.76
[2022-05-07 17:39:13] Epoch 32   training_loss: 0.04  val_loss: 0.14  precision: 0.83  recall: 0.72  f1: 0.77
[2022-05-07 17:39:33] Epoch 33   training_loss: 0.04  val_loss: 0.14  precision: 0.82  recall: 0.72  f1: 0.76
[2022-05-07 17:39:53] Epoch 34   training_loss: 0.04  val_loss: 0.15  precision: 0.81  recall: 0.70  f1: 0.75
[2022-05-07 17:40:13] Epoch 35   training_loss: 0.04  val_loss: 0.14  precision: 0.82  recall: 0.71  f1: 0.76
