[2022-05-07 19:27:35] Storing files in experiments256/Crnn/2022-05-07_19-27-05_b199f190cdf811ecaa447c8ae1d2acad
[2022-05-07 19:27:35] data:
[2022-05-07 19:27:35]   class_indice_file: data256/metadata/class_label_indices.txt
[2022-05-07 19:27:35]   feature: data256/dev/feature.csv
[2022-05-07 19:27:35]   label: data256/dev/label.csv
[2022-05-07 19:27:35]   stratified: true
[2022-05-07 19:27:35] dataloader_args:
[2022-05-07 19:27:35]   batch_size: 64
[2022-05-07 19:27:35]   num_workers: 16
[2022-05-07 19:27:35] early_stop: 7
[2022-05-07 19:27:35] epochs: 50
[2022-05-07 19:27:35] loss: BceLoss
[2022-05-07 19:27:35] model:
[2022-05-07 19:27:35]   args: {}
[2022-05-07 19:27:35]   type: Crnn
[2022-05-07 19:27:35] num_workers: 16
[2022-05-07 19:27:35] optimizer:
[2022-05-07 19:27:35]   args:
[2022-05-07 19:27:35]     lr: 0.0005
[2022-05-07 19:27:35]   type: AdamW
[2022-05-07 19:27:35] outputpath: experiments256/
[2022-05-07 19:27:35] scheduler_args:
[2022-05-07 19:27:35]   factor: 0.1
[2022-05-07 19:27:35]   patience: 3
[2022-05-07 19:27:35] 
[2022-05-07 19:27:35] Running on device cuda
[2022-05-07 19:27:38] AdamW (
[2022-05-07 19:27:38] Parameter Group 0
[2022-05-07 19:27:38]     amsgrad: False
[2022-05-07 19:27:38]     betas: (0.9, 0.999)
[2022-05-07 19:27:38]     eps: 1e-08
[2022-05-07 19:27:38]     lr: 0.0005
[2022-05-07 19:27:38]     maximize: False
[2022-05-07 19:27:38]     weight_decay: 0.01
[2022-05-07 19:27:38] )
[2022-05-07 19:27:38] Crnn(
[2022-05-07 19:27:38]   (conv): Sequential(
[2022-05-07 19:27:38]     (0): BatchNorm2d(1, eps=1e-05, momentum=0.1, affine=True, track_running_stats=True)
[2022-05-07 19:27:38]     (1): Conv2d(1, 16, kernel_size=(9, 9), stride=(1, 1), padding=(4, 4))
[2022-05-07 19:27:38]     (2): BatchNorm2d(16, eps=1e-05, momentum=0.1, affine=True, track_running_stats=True)
[2022-05-07 19:27:38]     (3): GELU()
[2022-05-07 19:27:38]     (4): MaxPool2d(kernel_size=(1, 2), stride=(1, 2), padding=0, dilation=1, ceil_mode=False)
[2022-05-07 19:27:38]     (5): Conv2d(16, 32, kernel_size=(9, 9), stride=(1, 1), padding=(4, 4))
[2022-05-07 19:27:38]     (6): BatchNorm2d(32, eps=1e-05, momentum=0.1, affine=True, track_running_stats=True)
[2022-05-07 19:27:38]     (7): GELU()
[2022-05-07 19:27:38]     (8): MaxPool2d(kernel_size=(1, 2), stride=(1, 2), padding=0, dilation=1, ceil_mode=False)
[2022-05-07 19:27:38]     (9): Conv2d(32, 64, kernel_size=(9, 9), stride=(1, 1), padding=(4, 4))
[2022-05-07 19:27:38]     (10): BatchNorm2d(64, eps=1e-05, momentum=0.1, affine=True, track_running_stats=True)
[2022-05-07 19:27:38]     (11): GELU()
[2022-05-07 19:27:38]     (12): MaxPool2d(kernel_size=(1, 2), stride=(1, 2), padding=0, dilation=1, ceil_mode=False)
[2022-05-07 19:27:38]     (13): Conv2d(64, 128, kernel_size=(9, 9), stride=(1, 1), padding=(4, 4))
[2022-05-07 19:27:38]     (14): BatchNorm2d(128, eps=1e-05, momentum=0.1, affine=True, track_running_stats=True)
[2022-05-07 19:27:38]     (15): GELU()
[2022-05-07 19:27:38]     (16): MaxPool2d(kernel_size=(1, 2), stride=(1, 2), padding=0, dilation=1, ceil_mode=False)
[2022-05-07 19:27:38]     (17): Conv2d(128, 256, kernel_size=(9, 9), stride=(1, 1), padding=(4, 4))
[2022-05-07 19:27:38]     (18): BatchNorm2d(256, eps=1e-05, momentum=0.1, affine=True, track_running_stats=True)
[2022-05-07 19:27:38]     (19): GELU()
[2022-05-07 19:27:38]     (20): MaxPool2d(kernel_size=(1, 2), stride=(1, 2), padding=0, dilation=1, ceil_mode=False)
[2022-05-07 19:27:38]   )
[2022-05-07 19:27:38]   (gru): GRU(2048, 512, num_layers=3, batch_first=True, bidirectional=True)
[2022-05-07 19:27:38]   (classifier): Sequential(
[2022-05-07 19:27:38]     (0): Linear(in_features=1024, out_features=10, bias=True)
[2022-05-07 19:27:38]     (1): Sigmoid()
[2022-05-07 19:27:38]   )
[2022-05-07 19:27:38] )
[2022-05-07 19:27:50] Epoch 1   training_loss: 0.40  val_loss: 0.36  precision: 0.07  recall: 0.01  f1: 0.02
[2022-05-07 19:28:02] Epoch 2   training_loss: 0.35  val_loss: 0.34  precision: 0.12  recall: 0.01  f1: 0.02
[2022-05-07 19:28:14] Epoch 3   training_loss: 0.33  val_loss: 0.31  precision: 0.22  recall: 0.15  f1: 0.18
[2022-05-07 19:28:26] Epoch 4   training_loss: 0.30  val_loss: 0.39  precision: 0.20  recall: 0.20  f1: 0.18
[2022-05-07 19:28:38] Epoch 5   training_loss: 0.27  val_loss: 0.28  precision: 0.54  recall: 0.30  f1: 0.34
[2022-05-07 19:28:50] Epoch 6   training_loss: 0.26  val_loss: 0.26  precision: 0.49  recall: 0.40  f1: 0.43
[2022-05-07 19:29:02] Epoch 7   training_loss: 0.22  val_loss: 0.27  precision: 0.57  recall: 0.43  f1: 0.43
[2022-05-07 19:29:14] Epoch 8   training_loss: 0.20  val_loss: 0.47  precision: 0.56  recall: 0.26  f1: 0.27
[2022-05-07 19:29:26] Epoch 9   training_loss: 0.19  val_loss: 0.45  precision: 0.49  recall: 0.35  f1: 0.26
[2022-05-07 19:29:38] Epoch 10   training_loss: 0.17  val_loss: 0.23  precision: 0.71  recall: 0.57  f1: 0.60
[2022-05-07 19:29:50] Epoch 11   training_loss: 0.15  val_loss: 0.21  precision: 0.64  recall: 0.53  f1: 0.56
[2022-05-07 19:30:02] Epoch 12   training_loss: 0.14  val_loss: 0.20  precision: 0.69  recall: 0.57  f1: 0.60
[2022-05-07 19:30:14] Epoch 13   training_loss: 0.13  val_loss: 0.21  precision: 0.73  recall: 0.54  f1: 0.61
[2022-05-07 19:30:26] Epoch 14   training_loss: 0.12  val_loss: 0.45  precision: 0.48  recall: 0.35  f1: 0.34
[2022-05-07 19:30:38] Epoch 15   training_loss: 0.11  val_loss: 0.22  precision: 0.69  recall: 0.67  f1: 0.66
[2022-05-07 19:30:50] Epoch 16   training_loss: 0.10  val_loss: 0.20  precision: 0.74  recall: 0.67  f1: 0.68
[2022-05-07 19:31:02] Epoch 17   training_loss: 0.07  val_loss: 0.17  precision: 0.79  recall: 0.67  f1: 0.71
[2022-05-07 19:31:14] Epoch 18   training_loss: 0.06  val_loss: 0.17  precision: 0.77  recall: 0.69  f1: 0.71
[2022-05-07 19:31:26] Epoch 19   training_loss: 0.05  val_loss: 0.16  precision: 0.78  recall: 0.71  f1: 0.73
[2022-05-07 19:31:38] Epoch 20   training_loss: 0.05  val_loss: 0.16  precision: 0.79  recall: 0.72  f1: 0.74
[2022-05-07 19:31:50] Epoch 21   training_loss: 0.05  val_loss: 0.17  precision: 0.78  recall: 0.69  f1: 0.72
[2022-05-07 19:32:02] Epoch 22   training_loss: 0.04  val_loss: 0.17  precision: 0.79  recall: 0.69  f1: 0.73
[2022-05-07 19:32:14] Epoch 23   training_loss: 0.04  val_loss: 0.17  precision: 0.80  recall: 0.72  f1: 0.75
[2022-05-07 19:32:26] Epoch 24   training_loss: 0.04  val_loss: 0.17  precision: 0.79  recall: 0.71  f1: 0.74
[2022-05-07 19:32:38] Epoch 25   training_loss: 0.04  val_loss: 0.16  precision: 0.80  recall: 0.73  f1: 0.76
[2022-05-07 19:32:50] Epoch 26   training_loss: 0.03  val_loss: 0.16  precision: 0.81  recall: 0.71  f1: 0.75
[2022-05-07 19:33:02] Epoch 27   training_loss: 0.04  val_loss: 0.17  precision: 0.81  recall: 0.71  f1: 0.75
